This file contains any messages produced by compilers while
running configure, to aid debugging if configure makes a mistake.

It was created by PostgreSQL configure 15.0, which was
generated by GNU Autoconf 2.69.  Invocation command line was

  $ ./configure 

## --------- ##
## Platform. ##
## --------- ##

hostname = MP15-MomanR-SE-34.local
uname -m = x86_64
uname -r = 20.6.0
uname -s = Darwin
uname -v = Darwin Kernel Version 20.6.0: Tue Oct 12 18:33:42 PDT 2021; root:xnu-7195.141.8~1/RELEASE_X86_64

/usr/bin/uname -p = i386
/bin/uname -X     = unknown

/bin/arch              = unknown
/usr/bin/arch -k       = unknown
/usr/convex/getsysinfo = unknown
/usr/bin/hostinfo      = Mach kernel version:
	 Darwin Kernel Version 20.6.0: Tue Oct 12 18:33:42 PDT 2021; root:xnu-7195.141.8~1/RELEASE_X86_64
Kernel configured for up to 8 processors.
4 processors are physically available.
4 processors are logically available.
Processor type: x86_64h (Intel x86-64h Haswell)
Processors active: 0 1 2 3 4 5 6 7
Primary memory available: 16.00 gigabytes
Default processor set: 610 tasks, 3406 threads, 8 processors
Load average: 4.43, Mach factor: 4.36
/bin/machine           = unknown
/usr/bin/oslevel       = unknown
/bin/universe          = unknown

PATH: /usr/node-v16.18.0-linux-x64/bin
PATH: /Users/momanraza/.nvm/versions/node/v16.14.0/bin
PATH: /usr/local/bin
PATH: /usr/bin
PATH: /bin
PATH: /usr/sbin
PATH: /sbin


## ----------- ##
## Core tests. ##
## ----------- ##

configure:2888: checking build system type
configure:2902: result: x86_64-apple-darwin20.6.0
configure:2922: checking host system type
configure:2935: result: x86_64-apple-darwin20.6.0
configure:2957: checking which template to use
configure:3025: result: darwin
configure:3153: checking whether NLS is wanted
configure:3185: result: no
configure:3193: checking for default port number
configure:3218: result: 5432
configure:3695: checking for block size
configure:3729: result: 8kB
configure:3741: checking for segment size
configure:3770: result: 1GB
configure:3782: checking for WAL block size
configure:3817: result: 8kB
configure:3914: checking for gcc
configure:3930: found /usr/bin/gcc
configure:3941: result: gcc
configure:3972: checking for C compiler version
configure:3981: gcc --version >&5
Apple clang version 13.0.0 (clang-1300.0.29.30)
Target: x86_64-apple-darwin20.6.0
Thread model: posix
InstalledDir: /Library/Developer/CommandLineTools/usr/bin
Configured with: --prefix=/Library/Developer/CommandLineTools/usr --with-gxx-include-dir=/Library/Developer/CommandLineTools/SDKs/MacOSX.sdk/usr/include/c++/4.2.1
configure:3992: $? = 0
configure:3981: gcc -v >&5
Configured with: --prefix=/Library/Developer/CommandLineTools/usr --with-gxx-include-dir=/Library/Developer/CommandLineTools/SDKs/MacOSX.sdk/usr/include/c++/4.2.1
Apple clang version 13.0.0 (clang-1300.0.29.30)
Target: x86_64-apple-darwin20.6.0
Thread model: posix
InstalledDir: /Library/Developer/CommandLineTools/usr/bin
configure:3992: $? = 0
configure:3981: gcc -V >&5
clang: error: argument to '-V' is missing (expected 1 value)
clang: error: no input files
configure:3992: $? = 1
configure:3981: gcc -qversion >&5
clang: error: unknown argument '-qversion'; did you mean '--version'?
clang: error: no input files
configure:3992: $? = 1
configure:4012: checking whether the C compiler works
configure:4034: gcc    conftest.c  >&5
configure:4038: $? = 0
configure:4086: result: yes
configure:4089: checking for C compiler default output file name
configure:4091: result: a.out
configure:4097: checking for suffix of executables
configure:4104: gcc -o conftest    conftest.c  >&5
configure:4108: $? = 0
configure:4130: result: 
configure:4152: checking whether we are cross compiling
configure:4160: gcc -o conftest    conftest.c  >&5
configure:4164: $? = 0
configure:4171: ./conftest
configure:4175: $? = 0
configure:4190: result: no
configure:4195: checking for suffix of object files
configure:4217: gcc -c   conftest.c >&5
configure:4221: $? = 0
configure:4242: result: o
configure:4246: checking whether we are using the GNU C compiler
configure:4265: gcc -c   conftest.c >&5
configure:4265: $? = 0
configure:4274: result: yes
configure:4283: checking whether gcc accepts -g
configure:4303: gcc -c -g  conftest.c >&5
configure:4303: $? = 0
configure:4344: result: yes
configure:4361: checking for gcc option to accept ISO C89
configure:4424: gcc  -c -g -O2  conftest.c >&5
configure:4424: $? = 0
configure:4437: result: none needed
configure:4457: checking for gcc option to accept ISO C99
configure:4606: gcc  -c -g -O2  conftest.c >&5
configure:4606: $? = 0
configure:4619: result: none needed
configure:4699: checking for g++
configure:4715: found /usr/bin/g++
configure:4726: result: g++
configure:4753: checking for C++ compiler version
configure:4762: g++ --version >&5
Apple clang version 13.0.0 (clang-1300.0.29.30)
Target: x86_64-apple-darwin20.6.0
Thread model: posix
InstalledDir: /Library/Developer/CommandLineTools/usr/bin
Configured with: --prefix=/Library/Developer/CommandLineTools/usr --with-gxx-include-dir=/Library/Developer/CommandLineTools/SDKs/MacOSX.sdk/usr/include/c++/4.2.1
configure:4773: $? = 0
configure:4762: g++ -v >&5
Configured with: --prefix=/Library/Developer/CommandLineTools/usr --with-gxx-include-dir=/Library/Developer/CommandLineTools/SDKs/MacOSX.sdk/usr/include/c++/4.2.1
Apple clang version 13.0.0 (clang-1300.0.29.30)
Target: x86_64-apple-darwin20.6.0
Thread model: posix
InstalledDir: /Library/Developer/CommandLineTools/usr/bin
configure:4773: $? = 0
configure:4762: g++ -V >&5
clang: error: argument to '-V' is missing (expected 1 value)
clang: error: no input files
configure:4773: $? = 1
configure:4762: g++ -qversion >&5
clang: error: unknown argument '-qversion'; did you mean '--version'?
clang: error: no input files
configure:4773: $? = 1
configure:4777: checking whether we are using the GNU C++ compiler
configure:4796: g++ -c   conftest.cpp >&5
configure:4796: $? = 0
configure:4805: result: yes
configure:4814: checking whether g++ accepts -g
configure:4834: g++ -c -g  conftest.cpp >&5
configure:4834: $? = 0
configure:4875: result: yes
configure:4916: gcc -c -g -O2  conftest.c >&5
conftest.c:24:1: error: use of undeclared identifier 'choke'
choke me
^
1 error generated.
configure:4916: $? = 1
configure: failed program was:
| /* confdefs.h */
| #define PACKAGE_NAME "PostgreSQL"
| #define PACKAGE_TARNAME "postgresql"
| #define PACKAGE_VERSION "15.0"
| #define PACKAGE_STRING "PostgreSQL 15.0"
| #define PACKAGE_BUGREPORT "pgsql-bugs@lists.postgresql.org"
| #define PACKAGE_URL "https://www.postgresql.org/"
| #define CONFIGURE_ARGS ""
| #define PG_MAJORVERSION "15"
| #define PG_MAJORVERSION_NUM 15
| #define PG_MINORVERSION_NUM 0
| #define PG_VERSION "15.0"
| #define DEF_PGPORT 5432
| #define DEF_PGPORT_STR "5432"
| #define BLCKSZ 8192
| #define RELSEG_SIZE 131072
| #define XLOG_BLCKSZ 8192
| /* end confdefs.h.  */
| 
| int
| main ()
| {
| #ifndef __INTEL_COMPILER
| choke me
| #endif
|   ;
|   return 0;
| }
configure:4938: gcc -c -g -O2  conftest.c >&5
conftest.c:24:1: error: use of undeclared identifier 'choke'
choke me
^
1 error generated.
configure:4938: $? = 1
configure: failed program was:
| /* confdefs.h */
| #define PACKAGE_NAME "PostgreSQL"
| #define PACKAGE_TARNAME "postgresql"
| #define PACKAGE_VERSION "15.0"
| #define PACKAGE_STRING "PostgreSQL 15.0"
| #define PACKAGE_BUGREPORT "pgsql-bugs@lists.postgresql.org"
| #define PACKAGE_URL "https://www.postgresql.org/"
| #define CONFIGURE_ARGS ""
| #define PG_MAJORVERSION "15"
| #define PG_MAJORVERSION_NUM 15
| #define PG_MINORVERSION_NUM 0
| #define PG_VERSION "15.0"
| #define DEF_PGPORT 5432
| #define DEF_PGPORT_STR "5432"
| #define BLCKSZ 8192
| #define RELSEG_SIZE 131072
| #define XLOG_BLCKSZ 8192
| /* end confdefs.h.  */
| 
| int
| main ()
| {
| #ifndef __SUNPRO_C
| choke me
| #endif
|   ;
|   return 0;
| }
configure:4983: checking for gawk
configure:5013: result: no
configure:4983: checking for mawk
configure:5013: result: no
configure:4983: checking for nawk
configure:5013: result: no
configure:4983: checking for awk
configure:4999: found /usr/bin/awk
configure:5010: result: awk
configure:5314: checking whether gcc supports -Wdeclaration-after-statement, for CFLAGS
configure:5336: gcc -c -Wall -Wmissing-prototypes -Wpointer-arith -Wdeclaration-after-statement -isysroot /Library/Developer/CommandLineTools/SDKs/MacOSX12.1.sdk  conftest.c >&5

## ---------------- ##
## Cache variables. ##
## ---------------- ##

ac_cv_build=x86_64-apple-darwin20.6.0
ac_cv_c_compiler_gnu=yes
ac_cv_cxx_compiler_gnu=yes
ac_cv_env_CCC_set=
ac_cv_env_CCC_value=
ac_cv_env_CC_set=
ac_cv_env_CC_value=
ac_cv_env_CFLAGS_set=
ac_cv_env_CFLAGS_value=
ac_cv_env_CLANG_set=
ac_cv_env_CLANG_value=
ac_cv_env_CPPFLAGS_set=
ac_cv_env_CPPFLAGS_value=
ac_cv_env_CPP_set=
ac_cv_env_CPP_value=
ac_cv_env_CXXFLAGS_set=
ac_cv_env_CXXFLAGS_value=
ac_cv_env_CXX_set=
ac_cv_env_CXX_value=
ac_cv_env_ICU_CFLAGS_set=
ac_cv_env_ICU_CFLAGS_value=
ac_cv_env_ICU_LIBS_set=
ac_cv_env_ICU_LIBS_value=
ac_cv_env_LDFLAGS_EX_set=
ac_cv_env_LDFLAGS_EX_value=
ac_cv_env_LDFLAGS_SL_set=
ac_cv_env_LDFLAGS_SL_value=
ac_cv_env_LDFLAGS_set=
ac_cv_env_LDFLAGS_value=
ac_cv_env_LIBS_set=
ac_cv_env_LIBS_value=
ac_cv_env_LLVM_CONFIG_set=
ac_cv_env_LLVM_CONFIG_value=
ac_cv_env_LZ4_CFLAGS_set=
ac_cv_env_LZ4_CFLAGS_value=
ac_cv_env_LZ4_LIBS_set=
ac_cv_env_LZ4_LIBS_value=
ac_cv_env_MSGFMT_set=
ac_cv_env_MSGFMT_value=
ac_cv_env_PERL_set=
ac_cv_env_PERL_value=
ac_cv_env_PKG_CONFIG_LIBDIR_set=
ac_cv_env_PKG_CONFIG_LIBDIR_value=
ac_cv_env_PKG_CONFIG_PATH_set=
ac_cv_env_PKG_CONFIG_PATH_value=
ac_cv_env_PKG_CONFIG_set=
ac_cv_env_PKG_CONFIG_value=
ac_cv_env_PYTHON_set=
ac_cv_env_PYTHON_value=
ac_cv_env_TCLSH_set=
ac_cv_env_TCLSH_value=
ac_cv_env_XML2_CFLAGS_set=
ac_cv_env_XML2_CFLAGS_value=
ac_cv_env_XML2_CONFIG_set=
ac_cv_env_XML2_CONFIG_value=
ac_cv_env_XML2_LIBS_set=
ac_cv_env_XML2_LIBS_value=
ac_cv_env_ZSTD_CFLAGS_set=
ac_cv_env_ZSTD_CFLAGS_value=
ac_cv_env_ZSTD_LIBS_set=
ac_cv_env_ZSTD_LIBS_value=
ac_cv_env_build_alias_set=
ac_cv_env_build_alias_value=
ac_cv_env_host_alias_set=
ac_cv_env_host_alias_value=
ac_cv_env_target_alias_set=
ac_cv_env_target_alias_value=
ac_cv_host=x86_64-apple-darwin20.6.0
ac_cv_objext=o
ac_cv_prog_AWK=awk
ac_cv_prog_ac_ct_CC=gcc
ac_cv_prog_ac_ct_CXX=g++
ac_cv_prog_cc_c89=
ac_cv_prog_cc_c99=
ac_cv_prog_cc_g=yes
ac_cv_prog_cxx_g=yes

## ----------------- ##
## Output variables. ##
## ----------------- ##

AR=''
AWK='awk'
BISON=''
BISONFLAGS=''
BITCODE_CFLAGS=''
BITCODE_CXXFLAGS=''
CC='gcc'
CFLAGS='-Wall -Wmissing-prototypes -Wpointer-arith -Wdeclaration-after-statement'
CFLAGS_ARMV8_CRC32C=''
CFLAGS_SL=''
CFLAGS_SSE42=''
CFLAGS_UNROLL_LOOPS=''
CFLAGS_VECTORIZE=''
CLANG=''
CPP=''
CPPFLAGS='-isysroot /Library/Developer/CommandLineTools/SDKs/MacOSX12.1.sdk '
CXX='g++'
CXXFLAGS='-Wall -Wpointer-arith'
DBTOEPUB=''
DEFS=''
DLLTOOL=''
DLLWRAP=''
DLSUFFIX='.so'
DTRACE=''
DTRACEFLAGS=''
ECHO_C='\c'
ECHO_N=''
ECHO_T=''
EGREP=''
EXEEXT=''
FLEX=''
FLEXFLAGS=''
FOP=''
GCC='yes'
GCOV=''
GENHTML=''
GREP=''
ICU_CFLAGS=''
ICU_LIBS=''
INCLUDES=''
INSTALL_DATA=''
INSTALL_PROGRAM=''
INSTALL_SCRIPT=''
LCOV=''
LD=''
LDAP_LIBS_BE=''
LDAP_LIBS_FE=''
LDFLAGS='-isysroot /Library/Developer/CommandLineTools/SDKs/MacOSX12.1.sdk '
LDFLAGS_EX=''
LDFLAGS_SL=''
LIBOBJS=''
LIBS=''
LLVM_BINPATH=''
LLVM_CFLAGS=''
LLVM_CONFIG=''
LLVM_CPPFLAGS=''
LLVM_CXXFLAGS=''
LLVM_LIBS=''
LN_S=''
LTLIBOBJS=''
LZ4=''
LZ4_CFLAGS=''
LZ4_LIBS=''
MKDIR_P=''
MSGFMT=''
MSGFMT_FLAGS=''
MSGMERGE=''
OBJEXT='o'
PACKAGE_BUGREPORT='pgsql-bugs@lists.postgresql.org'
PACKAGE_NAME='PostgreSQL'
PACKAGE_STRING='PostgreSQL 15.0'
PACKAGE_TARNAME='postgresql'
PACKAGE_URL='https://www.postgresql.org/'
PACKAGE_VERSION='15.0'
PATH_SEPARATOR=':'
PERL=''
PERMIT_DECLARATION_AFTER_STATEMENT=''
PG_CRC32C_OBJS=''
PG_MAJORVERSION='15'
PG_SYSROOT='/Library/Developer/CommandLineTools/SDKs/MacOSX12.1.sdk'
PG_VERSION_NUM=''
PKG_CONFIG=''
PKG_CONFIG_LIBDIR=''
PKG_CONFIG_PATH=''
PORTNAME='darwin'
PROVE=''
PTHREAD_CC=''
PTHREAD_CFLAGS=''
PTHREAD_LIBS=''
PYTHON=''
RANLIB=''
SED=''
SHELL='/bin/sh'
STRIP=''
STRIP_SHARED_LIB=''
STRIP_STATIC_LIB=''
SUN_STUDIO_CC='no'
TAR=''
TAS=''
TCLSH=''
TCL_CONFIG_SH=''
TCL_INCLUDE_SPEC=''
TCL_LIBS=''
TCL_LIB_SPEC=''
TCL_SHARED_BUILD=''
TCL_SHLIB_LD_LIBS=''
UUID_LIBS=''
WANTED_LANGUAGES=''
WINDRES=''
XGETTEXT=''
XML2_CFLAGS=''
XML2_CONFIG=''
XML2_LIBS=''
XMLLINT=''
XSLTPROC=''
ZIC=''
ZSTD=''
ZSTD_CFLAGS=''
ZSTD_LIBS=''
ac_ct_CC='gcc'
ac_ct_CXX='g++'
autodepend=''
ax_pthread_config=''
bindir='${exec_prefix}/bin'
build='x86_64-apple-darwin20.6.0'
build_alias=''
build_cpu='x86_64'
build_os='darwin20.6.0'
build_vendor='apple'
datadir='${datarootdir}'
datarootdir='${prefix}/share'
default_port='5432'
docdir='${datarootdir}/doc/${PACKAGE_TARNAME}'
dvidir='${docdir}'
enable_coverage='no'
enable_debug='no'
enable_dtrace='no'
enable_nls='no'
enable_rpath='yes'
enable_tap_tests='no'
enable_thread_safety=''
exec_prefix='NONE'
have_win32_dbghelp=''
host='x86_64-apple-darwin20.6.0'
host_alias=''
host_cpu='x86_64'
host_os='darwin20.6.0'
host_vendor='apple'
htmldir='${docdir}'
includedir='${prefix}/include'
infodir='${datarootdir}/info'
install_bin=''
krb_srvtab=''
libdir='${exec_prefix}/lib'
libexecdir='${exec_prefix}/libexec'
localedir='${datarootdir}/locale'
localstatedir='${prefix}/var'
mandir='${datarootdir}/man'
oldincludedir='/usr/include'
pdfdir='${docdir}'
perl_archlibexp=''
perl_embed_ccflags=''
perl_embed_ldflags=''
perl_includespec=''
perl_privlibexp=''
perl_useshrplib=''
prefix='NONE'
program_transform_name='s,x,x,'
psdir='${docdir}'
python_additional_libs=''
python_includespec=''
python_libdir=''
python_libspec=''
python_majorversion=''
python_version=''
sbindir='${exec_prefix}/sbin'
sharedstatedir='${prefix}/com'
sysconfdir='${prefix}/etc'
target_alias=''
vpath_build=''
with_gnu_ld=''
with_gssapi=''
with_icu=''
with_krb_srvnam=''
with_ldap=''
with_libxml=''
with_libxslt=''
with_llvm='no'
with_lz4=''
with_perl=''
with_python=''
with_readline=''
with_selinux=''
with_ssl=''
with_system_tzdata=''
with_systemd=''
with_tcl=''
with_uuid=''
with_zlib=''
with_zstd=''

## ----------- ##
## confdefs.h. ##
## ----------- ##

/* confdefs.h */
#define PACKAGE_NAME "PostgreSQL"
#define PACKAGE_TARNAME "postgresql"
#define PACKAGE_VERSION "15.0"
#define PACKAGE_STRING "PostgreSQL 15.0"
#define PACKAGE_BUGREPORT "pgsql-bugs@lists.postgresql.org"
#define PACKAGE_URL "https://www.postgresql.org/"
#define CONFIGURE_ARGS ""
#define PG_MAJORVERSION "15"
#define PG_MAJORVERSION_NUM 15
#define PG_MINORVERSION_NUM 0
#define PG_VERSION "15.0"
#define DEF_PGPORT 5432
#define DEF_PGPORT_STR "5432"
#define BLCKSZ 8192
#define RELSEG_SIZE 131072
#define XLOG_BLCKSZ 8192

configure: caught signal 2
configure: exit 1
